/mount/studenten/SpokenLanguageProcessing/2019/WokeSpoke/HCIWinter2019/models
################################################
                  STARTING
/mount/studenten/SpokenLanguageProcessing/2019/WokeSpoke/HCIWinter2019/models/emotion_classification/SVM/anger/ind/pose
################################################
                Beginning fold 0
            Length train data: 26469
              Length dev data: 3210
################################################
Beginning training
(26469, 80)
(26469,)
Beginning inference
[0 1]

{'macro_p': 0.5779133776399772, 'macro_r': 0.5669708545557441, 'macro_f': 0.5693396561588167, 'acc': 0.6688473520249221, 0: {'p': 0.7460574201374849, 'r': 0.8092105263157895, 'f': 0.7763517778245319}, 1: {'p': 0.4097693351424695, 'r': 0.3247311827956989, 'f': 0.3623275344931014}}
0.5693396561588167
################################################
                Beginning fold 1
            Length train data: 24857
              Length dev data: 4822
################################################
Beginning training
(24857, 80)
(24857,)
Beginning inference
[0 1]

{'macro_p': 0.46746147957150824, 'macro_r': 0.46301575363514325, 'macro_f': 0.46006886726354124, 'acc': 0.5035255080879303, 0: {'p': 0.6664325842696629, 'r': 0.5679233991621784, 'f': 0.6132471728594507}, 1: {'p': 0.2684903748733536, 'r': 0.3581081081081081, 'f': 0.30689056166763173}}
0.46006886726354124
################################################
                Beginning fold 2
            Length train data: 27093
              Length dev data: 2586
################################################
Beginning training
(27093, 80)
(27093,)
Beginning inference
[0 1]

{'macro_p': 0.6140025026697327, 'macro_r': 0.5938830833125516, 'macro_f': 0.5805234637986361, 'acc': 0.6036349574632637, 0: {'p': 0.5894507884719956, 'r': 0.8005908419497785, 'f': 0.6789852803006577}, 1: {'p': 0.6385542168674698, 'r': 0.3871753246753247, 'f': 0.48206164729661444}}
0.5805234637986361
################################################
                Beginning fold 3
            Length train data: 25925
              Length dev data: 3754
################################################
Beginning training
(25925, 80)
(25925,)
Beginning inference
[0 1]

{'macro_p': 0.5246189795277788, 'macro_r': 0.5434263485376136, 'macro_f': 0.4890156756772902, 'acc': 0.5751198721363878, 0: {'p': 0.8548983364140481, 'r': 0.5908655381667199, 'f': 0.6987724268177526}, 1: {'p': 0.19433962264150945, 'r': 0.4959871589085072, 'f': 0.2792589245368278}}
0.4890156756772902
################################################
                Beginning fold 4
            Length train data: 25625
              Length dev data: 4054
################################################
Beginning training
(25625, 80)
(25625,)
Beginning inference
[0 1]

{'macro_p': 0.5663638957103148, 'macro_r': 0.5651328867007495, 'macro_f': 0.5656683607118498, 'acc': 0.6277750370004933, 0: {'p': 0.7243339253996448, 'r': 0.7355699855699855, 'f': 0.7299087166636836}, 1: {'p': 0.40839386602098465, 'r': 0.39469578783151327, 'f': 0.40142800476001583}}
0.5656683607118498
################################################
                Beginning fold 5
            Length train data: 23833
              Length dev data: 5846
################################################
Beginning training
(23833, 80)
(23833,)
Beginning inference
[0 1]

{'macro_p': 0.5299023503373003, 'macro_r': 0.5604733670007755, 'macro_f': 0.49287092341451183, 'acc': 0.601607937050975, 0: {'p': 0.8863571632013671, 'r': 0.617215390717969, 'f': 0.7276978837834678}, 1: {'p': 0.1734475374732334, 'r': 0.503731343283582, 'f': 0.2580439630455559}}
0.49287092341451183
################################################
                Beginning fold 6
            Length train data: 28283
              Length dev data: 1396
################################################
Beginning training
(28283, 80)
(28283,)
Beginning inference
[0 1]

{'macro_p': 0.5820754008204234, 'macro_r': 0.5977949496540957, 'macro_f': 0.5873438028037117, 'acc': 0.7399713467048711, 0: {'p': 0.8625114573785518, 'r': 0.8154246100519931, 'f': 0.8383073496659244}, 1: {'p': 0.3016393442622951, 'r': 0.38016528925619836, 'f': 0.33638025594149906}}
0.5873438028037117
################################################
                Beginning fold 7
            Length train data: 25668
              Length dev data: 4011
################################################
Beginning training
(25668, 80)
(25668,)
Beginning inference
[0 1]

{'macro_p': 0.48102552394603904, 'macro_r': 0.4804606683792386, 'macro_f': 0.4077275433232664, 'acc': 0.40787833457990524, 0: {'p': 0.2852994555353902, 'r': 0.6593959731543624, 'f': 0.3982771725361034}, 1: {'p': 0.6767515923566879, 'r': 0.3015253636041149, 'f': 0.41717791411042937}}
0.4077275433232664
STARTIME 1346-Jan-31-2020
ENDTIME 1407-Jan-31-2020
