/mount/studenten/SpokenLanguageProcessing/2019/WokeSpoke/HCIWinter2019/models
################################################
                  STARTING
/mount/studenten/SpokenLanguageProcessing/2019/WokeSpoke/HCIWinter2019/models/emotion_classification/SVM/happiness/ind/pose
################################################
                Beginning fold 0
            Length train data: 26469
              Length dev data: 3210
################################################
Beginning training
(26469, 80)
(26469,)
Beginning inference
[0 1]

{'macro_p': 0.5485985361886689, 'macro_r': 0.548069498069498, 'macro_f': 0.5482956153711366, 'acc': 0.5934579439252337, 0: {'p': 0.6870588235294117, 'r': 0.6952380952380952, 'f': 0.6911242603550295}, 1: {'p': 0.41013824884792627, 'r': 0.4009009009009009, 'f': 0.4054669703872437}}
0.5482956153711366
################################################
                Beginning fold 1
            Length train data: 24857
              Length dev data: 4822
################################################
Beginning training
(24857, 80)
(24857,)
Beginning inference
[0 1]

{'macro_p': 0.4869213216182666, 'macro_r': 0.39119881613474095, 'macro_f': 0.38797496949006005, 'acc': 0.6049357113231024, 0: {'p': 0.9611424775821986, 'r': 0.6181119179837676, 'f': 0.7523722864942154}, 1: {'p': 0.012700165654334622, 'r': 0.16428571428571428, 'f': 0.023577652485904665}}
0.38797496949006005
################################################
                Beginning fold 2
            Length train data: 27093
              Length dev data: 2586
################################################
Beginning training
(27093, 80)
(27093,)
Beginning inference
[0 1]

{'macro_p': 0.38830710716511335, 'macro_r': 0.4108129149773782, 'macro_f': 0.38962171228101516, 'acc': 0.44818252126836816, 0: {'p': 0.516061084781464, 'r': 0.6586021505376344, 'f': 0.5786832004723945}, 1: {'p': 0.26055312954876275, 'r': 0.16302367941712204, 'f': 0.20056022408963586}}
0.38962171228101516
################################################
                Beginning fold 3
            Length train data: 25925
              Length dev data: 3754
################################################
Beginning training
(25925, 80)
(25925,)
Beginning inference
[0 1]

{'macro_p': 0.528453785114138, 'macro_r': 0.526305533444662, 'macro_f': 0.5246792384745772, 'acc': 0.5580713905167821, 0: {'p': 0.617259288853376, 'r': 0.6878895814781835, 'f': 0.6506632975363236}, 1: {'p': 0.4396482813749001, 'r': 0.3647214854111406, 'f': 0.3986951794128308}}
0.5246792384745772
################################################
                Beginning fold 4
            Length train data: 25625
              Length dev data: 4054
################################################
Beginning training
(25625, 80)
(25625,)
Beginning inference
[0 1]

{'macro_p': 0.4553212242505104, 'macro_r': 0.445144576818069, 'macro_f': 0.447994109165224, 'acc': 0.6117414898865319, 0: {'p': 0.781854569713142, 'r': 0.7181372549019608, 'f': 0.7486426061961035}, 1: {'p': 0.12878787878787878, 'r': 0.17215189873417722, 'f': 0.1473456121343445}}
0.447994109165224
################################################
                Beginning fold 5
            Length train data: 23833
              Length dev data: 5846
################################################
Beginning training
(23833, 80)
(23833,)
Beginning inference
[0 1]

{'macro_p': 0.6110711274733762, 'macro_r': 0.5887208653638591, 'macro_f': 0.5884018624439848, 'acc': 0.6501881628463907, 0: {'p': 0.6880671506352087, 'r': 0.819065622468269, 'f': 0.7478732585377882}, 1: {'p': 0.5340751043115438, 'r': 0.3583761082594494, 'f': 0.4289304663501815}}
0.5884018624439848
################################################
                Beginning fold 6
            Length train data: 28283
              Length dev data: 1396
################################################
Beginning training
(28283, 80)
(28283,)
Beginning inference
[0 1]

{'macro_p': 0.4132148823290278, 'macro_r': 0.4478537178139779, 'macro_f': 0.38780576635771036, 'acc': 0.4505730659025788, 0: {'p': 0.4723441615452151, 'r': 0.7642045454545454, 'f': 0.5838307107976125}, 1: {'p': 0.3540856031128405, 'r': 0.1315028901734104, 'f': 0.19178082191780824}}
0.38780576635771036
################################################
                Beginning fold 7
            Length train data: 25668
              Length dev data: 4011
################################################
Beginning training
(25668, 80)
(25668,)
Beginning inference
[0 1]

{'macro_p': 0.5155275794396426, 'macro_r': 0.5418122737187704, 'macro_f': 0.47587989238797995, 'acc': 0.6474694589877836, 0: {'p': 0.9192033070274332, 'r': 0.6710562414266118, 'f': 0.7757691087852839}, 1: {'p': 0.11185185185185186, 'r': 0.412568306010929, 'f': 0.175990675990676}}
0.47587989238797995
STARTIME 1346-Jan-31-2020
ENDTIME 1403-Jan-31-2020
