/mount/studenten/SpokenLanguageProcessing/2019/WokeSpoke/HCIWinter2019/models
################################################
                  STARTING
/mount/studenten/SpokenLanguageProcessing/2019/WokeSpoke/HCIWinter2019/models/emotion_classification/SVM/sadness/ind/pose
################################################
                Beginning fold 0
            Length train data: 26469
              Length dev data: 3210
################################################
Beginning training
(26469, 80)
(26469,)
Beginning inference
[0 1]

{'macro_p': 0.5729837767036352, 'macro_r': 0.5966619237336369, 'macro_f': 0.5716345025323766, 'acc': 0.653582554517134, 0: {'p': 0.8322243346007605, 'r': 0.697609561752988, 'f': 0.7589943649761595}, 1: {'p': 0.31374321880650996, 'r': 0.4957142857142857, 'f': 0.3842746400885936}}
0.5716345025323766
################################################
                Beginning fold 1
            Length train data: 24857
              Length dev data: 4822
################################################
Beginning training
(24857, 80)
(24857,)
Beginning inference
[0 1]

{'macro_p': 0.5647420797760274, 'macro_r': 0.5610302756279917, 'macro_f': 0.5604194475127738, 'acc': 0.5815014516798009, 0: {'p': 0.6239896540575494, 'r': 0.6929982046678635, 'f': 0.6566859476012249}, 1: {'p': 0.5054945054945055, 'r': 0.42906234658811976, 'f': 0.46415294742432284}}
0.5604194475127738
################################################
                Beginning fold 2
            Length train data: 27093
              Length dev data: 2586
################################################
Beginning training
(27093, 80)
(27093,)
Beginning inference
[0]
################################################
                Beginning fold 3
            Length train data: 25925
              Length dev data: 3754
################################################
Beginning training
(25925, 80)
(25925,)
Beginning inference
[0 1]

{'macro_p': 0.5000726156653944, 'macro_r': 0.5001016638918657, 'macro_f': 0.4855573920108629, 'acc': 0.5801811401172083, 0: {'p': 0.7914751358127873, 'r': 0.6374957926624032, 'f': 0.7061894108873974}, 1: {'p': 0.20867009551800147, 'r': 0.36270753512132825, 'f': 0.2649253731343284}}
0.4855573920108629
################################################
                Beginning fold 4
            Length train data: 25625
              Length dev data: 4054
################################################
Beginning training
(25625, 80)
(25625,)
Beginning inference
[0 1]

{'macro_p': 0.5332073323958665, 'macro_r': 0.5230718331637201, 'macro_f': 0.4643057283096683, 'acc': 0.4911198815984213, 0: {'p': 0.4581093898197913, 'r': 0.8058954393770856, 'f': 0.5841564200765975}, 1: {'p': 0.6083052749719416, 'r': 0.2402482269503546, 'f': 0.34445503654273907}}
0.4643057283096683
################################################
                Beginning fold 5
            Length train data: 23833
              Length dev data: 5846
################################################
Beginning training
(23833, 80)
(23833,)
Beginning inference
[0 1]

{'macro_p': 0.5491148673550338, 'macro_r': 0.538379927972501, 'macro_f': 0.5293037974683544, 'acc': 0.5874101950051317, 0: {'p': 0.6256269949840402, 'r': 0.7808764940239044, 'f': 0.6946835443037974}, 1: {'p': 0.4726027397260274, 'r': 0.29588336192109777, 'f': 0.36392405063291144}}
0.5293037974683544
################################################
                Beginning fold 6
            Length train data: 28283
              Length dev data: 1396
################################################
Beginning training
(28283, 80)
(28283,)
Beginning inference
[0]
################################################
                Beginning fold 7
            Length train data: 25668
              Length dev data: 4011
################################################
Beginning training
(25668, 80)
(25668,)
Beginning inference
[0 1]

{'macro_p': 0.5331334286004327, 'macro_r': 0.5782246874220323, 'macro_f': 0.49004925431603374, 'acc': 0.6133133881824981, 0: {'p': 0.9119341563786009, 'r': 0.6236982831410076, 'f': 0.7407655022563931}, 1: {'p': 0.15433270082226438, 'r': 0.5327510917030568, 'f': 0.23933300637567437}}
0.49004925431603374
STARTIME 1346-Jan-31-2020
ENDTIME 1406-Jan-31-2020
