/mount/studenten/SpokenLanguageProcessing/2019/WokeSpoke/HCIWinter2019/models
################################################
                  STARTING
/mount/studenten/SpokenLanguageProcessing/2019/WokeSpoke/HCIWinter2019/models/emotion_classification/SVM/sadness/ind/pose
################################################
                Beginning fold 0
            Length train data: 26469
              Length dev data: 3210
################################################
Beginning training
(26469, 80)
(26469,)
Beginning inference
[0 1]

{'macro_p': 0.5729837767036352, 'macro_r': 0.5966619237336369, 'macro_f': 0.5716345025323766, 'acc': 0.653582554517134, 0: {'p': 0.8322243346007605, 'r': 0.697609561752988, 'f': 0.7589943649761595}, 1: {'p': 0.31374321880650996, 'r': 0.4957142857142857, 'f': 0.3842746400885936}}
0.5716345025323766
################################################
                Beginning fold 1
            Length train data: 24857
              Length dev data: 4822
################################################
Beginning training
(24857, 80)
(24857,)
Beginning inference
[0 1]

{'macro_p': 0.4184162332859843, 'macro_r': 0.45099950731926153, 'macro_f': 0.4076748668363275, 'acc': 0.5020738282870179, 0: {'p': 0.5484603735487128, 'r': 0.7802513464991023, 'f': 0.6441381354676152}, 1: {'p': 0.28837209302325584, 'r': 0.12174766813942071, 'f': 0.1712115982050397}}
0.4076748668363275
################################################
                Beginning fold 2
            Length train data: 27093
              Length dev data: 2586
################################################
Beginning training
(27093, 80)
(27093,)
Beginning inference
[0]
################################################
                Beginning fold 3
            Length train data: 25925
              Length dev data: 3754
################################################
Beginning training
(25925, 80)
(25925,)
Beginning inference
[0 1]

{'macro_p': 0.502396948164739, 'macro_r': 0.5029203114139105, 'macro_f': 0.4992614577980009, 'acc': 0.630793819925413, 0: {'p': 0.7927595123753233, 'r': 0.7223157186132615, 'f': 0.7558999647763297}, 1: {'p': 0.21203438395415472, 'r': 0.2835249042145594, 'f': 0.24262295081967214}}
0.4992614577980009
################################################
                Beginning fold 4
            Length train data: 25625
              Length dev data: 4054
################################################
Beginning training
(25625, 80)
(25625,)
Beginning inference
[0 1]

{'macro_p': 0.5332073323958665, 'macro_r': 0.5230718331637201, 'macro_f': 0.4643057283096683, 'acc': 0.4911198815984213, 0: {'p': 0.4581093898197913, 'r': 0.8058954393770856, 'f': 0.5841564200765975}, 1: {'p': 0.6083052749719416, 'r': 0.2402482269503546, 'f': 0.34445503654273907}}
0.4643057283096683
################################################
                Beginning fold 5
            Length train data: 23833
              Length dev data: 5846
################################################
Beginning training
(23833, 80)
(23833,)
Beginning inference
[0 1]

{'macro_p': 0.4557071708551572, 'macro_r': 0.4634523654951378, 'macro_f': 0.45159402669971743, 'acc': 0.5111187136503592, 0: {'p': 0.5770314701737905, 'r': 0.6992031872509961, 'f': 0.6322696860524961}, 1: {'p': 0.3343828715365239, 'r': 0.2277015437392796, 'f': 0.27091836734693875}}
0.45159402669971743
################################################
                Beginning fold 6
            Length train data: 28283
              Length dev data: 1396
################################################
Beginning training
(28283, 80)
(28283,)
Beginning inference
[0]
################################################
                Beginning fold 7
            Length train data: 25668
              Length dev data: 4011
################################################
Beginning training
(25668, 80)
(25668,)
Beginning inference
[0 1]

{'macro_p': 0.4941174435101561, 'macro_r': 0.48934414241240254, 'macro_f': 0.47875686758087427, 'acc': 0.6950885066068312, 0: {'p': 0.8829717291255753, 'r': 0.7559808612440191, 'f': 0.8145564821834724}, 1: {'p': 0.10526315789473684, 'r': 0.22270742358078602, 'f': 0.1429572529782761}}
0.47875686758087427
STARTIME 1346-Jan-31-2020
ENDTIME 1406-Jan-31-2020
