/mount/studenten/SpokenLanguageProcessing/2019/WokeSpoke/HCIWinter2019/models
################################################
                  STARTING
/mount/studenten/SpokenLanguageProcessing/2019/WokeSpoke/HCIWinter2019/models/emotion_classification/SVM/surprise/ind/pose
################################################
                Beginning fold 0
            Length train data: 26469
              Length dev data: 3210
################################################
Beginning training
(26469, 80)
(26469,)
Beginning inference
[0 1]

{'macro_p': 0.4901518361986355, 'macro_r': 0.4951268554127264, 'macro_f': 0.4814787717566169, 'acc': 0.7551401869158878, 0: {'p': 0.8080190282025145, 'r': 0.9149672951135052, 'f': 0.8581739444243955}, 1: {'p': 0.17228464419475656, 'r': 0.07528641571194762, 'f': 0.10478359908883826}}
0.4814787717566169
################################################
                Beginning fold 1
            Length train data: 24857
              Length dev data: 4822
################################################
Beginning training
(24857, 80)
(24857,)
Beginning inference
[0 1]

{'macro_p': 0.5504327178429719, 'macro_r': 0.5144459061579904, 'macro_f': 0.48294490520660344, 'acc': 0.7233513065118208, 0: {'p': 0.7462555066079295, 'r': 0.9490196078431372, 'f': 0.8355117139334155}, 1: {'p': 0.3546099290780142, 'r': 0.07987220447284345, 'f': 0.1303780964797914}}
0.48294490520660344
################################################
                Beginning fold 2
            Length train data: 27093
              Length dev data: 2586
################################################
Beginning training
(27093, 80)
(27093,)
Beginning inference
[0 1]

{'macro_p': 0.48246306207401307, 'macro_r': 0.4703778347262823, 'macro_f': 0.47013188883655205, 'acc': 0.7308584686774942, 0: {'p': 0.8895292987512008, 'r': 0.7989646246764452, 'f': 0.8418181818181818}, 1: {'p': 0.07539682539682539, 'r': 0.1417910447761194, 'f': 0.09844559585492228}}
0.47013188883655205
################################################
                Beginning fold 3
            Length train data: 25925
              Length dev data: 3754
################################################
Beginning training
(25925, 80)
(25925,)
Beginning inference
[0 1]

{'macro_p': 0.5061450240204665, 'macro_r': 0.5036063341815648, 'macro_f': 0.45291280735737083, 'acc': 0.5173148641449121, 0: {'p': 0.5235008103727715, 'r': 0.8252427184466019, 'f': 0.6406188020626735}, 1: {'p': 0.48878923766816146, 'r': 0.18196994991652754, 'f': 0.26520681265206814}}
0.45291280735737083
################################################
                Beginning fold 4
            Length train data: 25625
              Length dev data: 4054
################################################
Beginning training
(25625, 80)
(25625,)
Beginning inference
[0]
################################################
                Beginning fold 5
            Length train data: 23833
              Length dev data: 5846
################################################
Beginning training
(23833, 80)
(23833,)
Beginning inference
[0 1]

{'macro_p': 0.4980507430770181, 'macro_r': 0.49632470685891317, 'macro_f': 0.489239131834689, 'acc': 0.7853232979815258, 0: {'p': 0.9217125382262997, 'r': 0.8384643916913946, 'f': 0.8781198407303098}, 1: {'p': 0.07438894792773645, 'r': 0.15418502202643172, 'f': 0.10035842293906812}}
0.489239131834689
################################################
                Beginning fold 6
            Length train data: 28283
              Length dev data: 1396
################################################
Beginning training
(28283, 80)
(28283,)
Beginning inference
[0 1]

{'macro_p': 0.42694927190316617, 'macro_r': 0.45624603677869374, 'macro_f': 0.43552494296215793, 'acc': 0.6654727793696275, 0: {'p': 0.7440719542109566, 'r': 0.8552631578947368, 'f': 0.7958023611718407}, 1: {'p': 0.10982658959537572, 'r': 0.0572289156626506, 'f': 0.07524752475247526}}
0.43552494296215793
################################################
                Beginning fold 7
            Length train data: 25668
              Length dev data: 4011
################################################
Beginning training
(25668, 80)
(25668,)
Beginning inference
[0 1]

{'macro_p': 0.49937711629033876, 'macro_r': 0.4966572849979189, 'macro_f': 0.4608279586758193, 'acc': 0.7668910496135627, 0: {'p': 0.9673223350253807, 'r': 0.78562226230353, 'f': 0.8670553106782312}, 1: {'p': 0.03143189755529686, 'r': 0.2076923076923077, 'f': 0.054600606673407485}}
0.4608279586758193
STARTIME 1346-Jan-31-2020
ENDTIME 1358-Jan-31-2020
