Completed imports
videoTimes measured
Getting frame counts for JobOffe_1_A04_B03
Getting frame counts for JobOffe_1_A06_B05
Getting frame counts for JobOffe_1_A08_B07
Getting frame counts for JobOffe_1_A10_B09
Getting frame counts for JobOffe_1_A12_B11
Getting frame counts for JobOffe_1_A14_B13
Getting frame counts for JobOffe_1_A16_B15
Getting frame counts for JobOffe_1_A02_B01
Getting frame counts for JobOffe_2_A04_B03
Getting frame counts for JobOffe_2_A06_B05
Getting frame counts for JobOffe_2_A08_B07
Getting frame counts for JobOffe_2_A10_B09
Getting frame counts for JobOffe_2_A12_B11
Getting frame counts for JobOffe_2_A14_B13
Getting frame counts for JobOffe_2_A16_B15
Getting frame counts for JobOffe_2_A02_B01
Getting frame counts for JobOffe_3_A04_B03
Getting frame counts for JobOffe_3_A06_B05
Getting frame counts for JobOffe_3_A08_B07
Getting frame counts for JobOffe_3_A10_B09
Getting frame counts for JobOffe_3_A12_B11
Getting frame counts for JobOffe_3_A14_B13
Getting frame counts for JobOffe_3_A16_B15
Getting frame counts for JobOffe_3_A02_B01
Getting frame counts for JobOffe_4_A04_B03
Getting frame counts for JobOffe_4_A06_B05
Getting frame counts for JobOffe_4_A08_B07
Getting frame counts for JobOffe_4_A10_B09
Getting frame counts for JobOffe_4_A12_B11
Getting frame counts for JobOffe_4_A14_B13
Getting frame counts for JobOffe_4_A16_B15
Getting frame counts for JobOffe_4_A02_B01
Getting frame counts for Mitbrin_1_A03_B04
Getting frame counts for Mitbrin_1_A05_B06
Getting frame counts for Mitbrin_1_A07_B08
Getting frame counts for Mitbrin_1_A09_B10
Getting frame counts for Mitbrin_1_A11_B12
Getting frame counts for Mitbrin_1_A13_B14
Getting frame counts for Mitbrin_1_A15_B16
Getting frame counts for Mitbrin_1_A01_B02
Getting frame counts for Mitbrin_2_A03_B04
Getting frame counts for Mitbrin_2_A05_B06
Getting frame counts for Mitbrin_2_A07_B08
Getting frame counts for Mitbrin_2_A09_B10
Getting frame counts for Mitbrin_2_A11_B12
Getting frame counts for Mitbrin_2_A13_B14
Getting frame counts for Mitbrin_2_A15_B16
Getting frame counts for Mitbrin_2_A01_B02
Getting frame counts for Mitbrin_3_A03_B04
Getting frame counts for Mitbrin_3_A05_B06
Getting frame counts for Mitbrin_3_A07_B08
Getting frame counts for Mitbrin_3_A09_B10
Getting frame counts for Mitbrin_3_A11_B12
Getting frame counts for Mitbrin_3_A13_B14
Getting frame counts for Mitbrin_3_A15_B16
Getting frame counts for Mitbrin_3_A01_B02
Getting frame counts for Mitbrin_4_A03_B04
Getting frame counts for Mitbrin_4_A05_B06
Getting frame counts for Mitbrin_4_A07_B08
Getting frame counts for Mitbrin_4_A09_B10
Getting frame counts for Mitbrin_4_A11_B12
Getting frame counts for Mitbrin_4_A13_B14
Getting frame counts for Mitbrin_4_A15_B16
Getting frame counts for Mitbrin_4_A01_B02
Getting frame counts for MuellWe_1_A03_B04
Getting frame counts for MuellWe_1_A05_B06
Getting frame counts for MuellWe_1_A07_B08
Getting frame counts for MuellWe_1_A09_B10
Getting frame counts for MuellWe_1_A11_B12
Getting frame counts for MuellWe_1_A13_B14
Getting frame counts for MuellWe_1_A15_B16
Getting frame counts for MuellWe_1_A01_B02
Getting frame counts for MuellWe_2_A03_B04
Getting frame counts for MuellWe_2_A05_B06
Getting frame counts for MuellWe_2_A07_B08
Getting frame counts for MuellWe_2_A09_B10
Getting frame counts for MuellWe_2_A11_B12
Getting frame counts for MuellWe_2_A13_B14
Getting frame counts for MuellWe_2_A15_B16
Getting frame counts for MuellWe_2_A01_B02
Getting frame counts for MuellWe_3_A03_B04
Getting frame counts for MuellWe_3_A05_B06
Getting frame counts for MuellWe_3_A07_B08
Getting frame counts for MuellWe_3_A09_B10
Getting frame counts for MuellWe_3_A11_B12
Getting frame counts for MuellWe_3_A13_B14
Getting frame counts for MuellWe_3_A15_B16
Getting frame counts for MuellWe_3_A01_B02
Getting frame counts for MuellWe_4_A03_B04
Getting frame counts for MuellWe_4_A05_B06
Getting frame counts for MuellWe_4_A07_B08
Getting frame counts for MuellWe_4_A09_B10
Getting frame counts for MuellWe_4_A11_B12
Getting frame counts for MuellWe_4_A13_B14
Getting frame counts for MuellWe_4_A15_B16
Getting frame counts for MuellWe_4_A01_B02
Getting frame counts for PartyPe_1_A04_B03
Getting frame counts for PartyPe_1_A06_B05
Getting frame counts for PartyPe_1_A08_B07
Getting frame counts for PartyPe_1_A10_B09
Getting frame counts for PartyPe_1_A12_B11
Getting frame counts for PartyPe_1_A14_B13
Getting frame counts for PartyPe_1_A16_B15
Getting frame counts for PartyPe_1_A02_B01
Getting frame counts for PartyPe_2_A04_B03
Getting frame counts for PartyPe_2_A06_B05
Getting frame counts for PartyPe_2_A08_B07
Getting frame counts for PartyPe_2_A10_B09
Getting frame counts for PartyPe_2_A12_B11
Getting frame counts for PartyPe_2_A14_B13
Getting frame counts for PartyPe_2_A16_B15
Getting frame counts for PartyPe_2_A02_B01
Getting frame counts for PartyPe_3_A04_B03
Getting frame counts for PartyPe_3_A06_B05
Getting frame counts for PartyPe_3_A08_B07
Getting frame counts for PartyPe_3_A10_B09
Getting frame counts for PartyPe_3_A12_B11
Getting frame counts for PartyPe_3_A14_B13
Getting frame counts for PartyPe_3_A16_B15
Getting frame counts for PartyPe_3_A02_B01
Getting frame counts for PartyPe_4_A04_B03
Getting frame counts for PartyPe_4_A06_B05
Getting frame counts for PartyPe_4_A08_B07
Getting frame counts for PartyPe_4_A10_B09
Getting frame counts for PartyPe_4_A12_B11
Getting frame counts for PartyPe_4_A14_B13
Getting frame counts for PartyPe_4_A16_B15
Getting frame counts for PartyPe_4_A02_B01
Getting frame counts for ReiseGe_1_A04_B03
Getting frame counts for ReiseGe_1_A06_B05
Getting frame counts for ReiseGe_1_A08_B07
Getting frame counts for ReiseGe_1_A10_B09
Getting frame counts for ReiseGe_1_A12_B11
Getting frame counts for ReiseGe_1_A14_B13
Getting frame counts for ReiseGe_1_A16_B15
Getting frame counts for ReiseGe_1_A02_B01
Getting frame counts for ReiseGe_2_A04_B03
Getting frame counts for ReiseGe_2_A06_B05
Getting frame counts for ReiseGe_2_A08_B07
Getting frame counts for ReiseGe_2_A10_B09
Getting frame counts for ReiseGe_2_A12_B11
Getting frame counts for ReiseGe_2_A14_B13
Getting frame counts for ReiseGe_2_A16_B15
Getting frame counts for ReiseGe_2_A02_B01
Getting frame counts for ReiseGe_3_A04_B03
Getting frame counts for ReiseGe_3_A06_B05
Getting frame counts for ReiseGe_3_A08_B07
Getting frame counts for ReiseGe_3_A10_B09
Getting frame counts for ReiseGe_3_A12_B11
Getting frame counts for ReiseGe_3_A14_B13
Getting frame counts for ReiseGe_3_A16_B15
Getting frame counts for ReiseGe_3_A02_B01
Getting frame counts for ReiseGe_4_A04_B03
Getting frame counts for ReiseGe_4_A06_B05
Getting frame counts for ReiseGe_4_A08_B07
Getting frame counts for ReiseGe_4_A10_B09
Getting frame counts for ReiseGe_4_A12_B11
Getting frame counts for ReiseGe_4_A14_B13
Getting frame counts for ReiseGe_4_A16_B15
Getting frame counts for ReiseGe_4_A02_B01
Getting frame counts for SplitUp_1_A03_B04
Getting frame counts for SplitUp_1_A05_B06
Getting frame counts for SplitUp_1_A07_B08
Getting frame counts for SplitUp_1_A09_B10
Getting frame counts for SplitUp_1_A11_B12
Getting frame counts for SplitUp_1_A13_B14
Getting frame counts for SplitUp_1_A15_B16
Getting frame counts for SplitUp_1_A01_B02
Getting frame counts for SplitUp_2_A03_B04
Getting frame counts for SplitUp_2_A05_B06
Getting frame counts for SplitUp_2_A07_B08
Getting frame counts for SplitUp_2_A09_B10
Getting frame counts for SplitUp_2_A11_B12
Getting frame counts for SplitUp_2_A13_B14
Getting frame counts for SplitUp_2_A15_B16
Getting frame counts for SplitUp_2_A01_B02
Getting frame counts for SplitUp_3_A03_B04
Getting frame counts for SplitUp_3_A05_B06
Getting frame counts for SplitUp_3_A07_B08
Getting frame counts for SplitUp_3_A09_B10
Getting frame counts for SplitUp_3_A11_B12
Getting frame counts for SplitUp_3_A13_B14
Getting frame counts for SplitUp_3_A15_B16
Getting frame counts for SplitUp_3_A01_B02
Getting frame counts for SplitUp_4_A03_B04
Getting frame counts for SplitUp_4_A05_B06
Getting frame counts for SplitUp_4_A07_B08
Getting frame counts for SplitUp_4_A09_B10
Getting frame counts for SplitUp_4_A11_B12
Getting frame counts for SplitUp_4_A13_B14
Getting frame counts for SplitUp_4_A15_B16
Getting frame counts for SplitUp_4_A01_B02
Getting frame counts for ZuSpaet_1_A03_B04
Getting frame counts for ZuSpaet_1_A05_B06
Getting frame counts for ZuSpaet_1_A07_B08
Getting frame counts for ZuSpaet_1_A09_B10
Getting frame counts for ZuSpaet_1_A11_B12
Getting frame counts for ZuSpaet_1_A13_B14
Getting frame counts for ZuSpaet_1_A15_B16
Getting frame counts for ZuSpaet_1_A01_B02
Getting frame counts for ZuSpaet_2_A03_B04
Getting frame counts for ZuSpaet_2_A05_B06
Getting frame counts for ZuSpaet_2_A07_B08
Getting frame counts for ZuSpaet_2_A09_B10
Getting frame counts for ZuSpaet_2_A11_B12
Getting frame counts for ZuSpaet_2_A13_B14
Getting frame counts for ZuSpaet_2_A15_B16
Getting frame counts for ZuSpaet_2_A01_B02
Getting frame counts for ZuSpaet_3_A03_B04
Getting frame counts for ZuSpaet_3_A05_B06
Getting frame counts for ZuSpaet_3_A07_B08
Getting frame counts for ZuSpaet_3_A09_B10
Getting frame counts for ZuSpaet_3_A11_B12
Getting frame counts for ZuSpaet_3_A13_B14
Getting frame counts for ZuSpaet_3_A15_B16
Getting frame counts for ZuSpaet_3_A01_B02
Getting frame counts for ZuSpaet_4_A03_B04
Getting frame counts for ZuSpaet_4_A05_B06
Getting frame counts for ZuSpaet_4_A07_B08
Getting frame counts for ZuSpaet_4_A09_B10
Getting frame counts for ZuSpaet_4_A11_B12
Getting frame counts for ZuSpaet_4_A13_B14
Getting frame counts for ZuSpaet_4_A15_B16
Getting frame counts for ZuSpaet_4_A01_B02
